<?xml version="1.0" encoding="UTF-8"?>
<!-- Generated by org.testng.reporters.JUnitReportReporter -->
<testsuite skipped="1" hostname="DESKTOP-B64QDB1" name="HomePgaeTest.SuggestionBox" tests="2" failures="0" timestamp="26 Nov 2022 06:34:42 GMT" time="2.640" errors="1">
  <testcase name="Grabtext" time="0.000" classname="HomePgaeTest.SuggestionBox">
    <skipped/>
  </testcase> <!-- Grabtext -->
  <testcase name="setup" time="2.640" classname="HomePgaeTest.SuggestionBox">
    <error type="org.openqa.selenium.SessionNotCreatedException" message="session not created: This version of ChromeDriver only supports Chrome version 105
Current browser version is 107.0.5304.107 with binary path C:\Program Files (x86)\Google\Chrome\Application\chrome.exe
Build info: version: &#039;3.141.59&#039;, revision: &#039;e82be7d358&#039;, time: &#039;2018-11-14T08:17:03&#039;
System info: host: &#039;DESKTOP-B64QDB1&#039;, ip: &#039;172.20.10.6&#039;, os.name: &#039;Windows 10&#039;, os.arch: &#039;amd64&#039;, os.version: &#039;10.0&#039;, java.version: &#039;1.8.0_261&#039;
Driver info: driver.version: ChromeDriver
remote stacktrace: Backtrace:
	Ordinal0 [0x0070DF13+2219795]
	Ordinal0 [0x006A2841+1779777]
	Ordinal0 [0x005B423D+803389]
	Ordinal0 [0x005D64AC+943276]
	Ordinal0 [0x005D19F0+924144]
	Ordinal0 [0x005CF179+913785]
	Ordinal0 [0x006036B9+1128121]
	Ordinal0 [0x0060331A+1127194]
	Ordinal0 [0x005FE616+1107478]
	Ordinal0 [0x005D7F89+950153]
	Ordinal0 [0x005D8F56+954198]
	GetHandleVerifier [0x00A02CB2+3040210]
	GetHandleVerifier [0x009F2BB4+2974420]
	GetHandleVerifier [0x007A6A0A+565546]
	GetHandleVerifier [0x007A5680+560544]
	Ordinal0 [0x006A9A5C+1808988]
	Ordinal0 [0x006AE3A8+1827752]
	Ordinal0 [0x006AE495+1827989]
	Ordinal0 [0x006B80A4+1867940]
	BaseThreadInitThunk [0x75DBFA29+25]
	RtlGetAppContainerNamedObjectPath [0x778B7B5E+286]
	RtlGetAppContainerNamedObjectPath [0x778B7B2E+238]
">
      <![CDATA[org.openqa.selenium.SessionNotCreatedException: session not created: This version of ChromeDriver only supports Chrome version 105
Current browser version is 107.0.5304.107 with binary path C:\Program Files (x86)\Google\Chrome\Application\chrome.exe
Build info: version: '3.141.59', revision: 'e82be7d358', time: '2018-11-14T08:17:03'
System info: host: 'DESKTOP-B64QDB1', ip: '172.20.10.6', os.name: 'Windows 10', os.arch: 'amd64', os.version: '10.0', java.version: '1.8.0_261'
Driver info: driver.version: ChromeDriver
remote stacktrace: Backtrace:
Ordinal0 [0x0070DF13+2219795]
Ordinal0 [0x006A2841+1779777]
Ordinal0 [0x005B423D+803389]
Ordinal0 [0x005D64AC+943276]
Ordinal0 [0x005D19F0+924144]
Ordinal0 [0x005CF179+913785]
Ordinal0 [0x006036B9+1128121]
Ordinal0 [0x0060331A+1127194]
Ordinal0 [0x005FE616+1107478]
Ordinal0 [0x005D7F89+950153]
Ordinal0 [0x005D8F56+954198]
GetHandleVerifier [0x00A02CB2+3040210]
GetHandleVerifier [0x009F2BB4+2974420]
GetHandleVerifier [0x007A6A0A+565546]
GetHandleVerifier [0x007A5680+560544]
Ordinal0 [0x006A9A5C+1808988]
Ordinal0 [0x006AE3A8+1827752]
Ordinal0 [0x006AE495+1827989]
Ordinal0 [0x006B80A4+1867940]
BaseThreadInitThunk [0x75DBFA29+25]
RtlGetAppContainerNamedObjectPath [0x778B7B5E+286]
RtlGetAppContainerNamedObjectPath [0x778B7B2E+238]

at sun.reflect.NativeConstructorAccessorImpl.newInstance0(Native Method)
at sun.reflect.NativeConstructorAccessorImpl.newInstance(Unknown Source)
at sun.reflect.DelegatingConstructorAccessorImpl.newInstance(Unknown Source)
at java.lang.reflect.Constructor.newInstance(Unknown Source)
at org.openqa.selenium.remote.W3CHandshakeResponse.lambda$errorHandler$0(W3CHandshakeResponse.java:62)
at org.openqa.selenium.remote.HandshakeResponse.lambda$getResponseFunction$0(HandshakeResponse.java:30)
at org.openqa.selenium.remote.ProtocolHandshake.lambda$createSession$0(ProtocolHandshake.java:126)
at java.util.stream.ReferencePipeline$3$1.accept(Unknown Source)
at java.util.Spliterators$ArraySpliterator.tryAdvance(Unknown Source)
at java.util.stream.ReferencePipeline.forEachWithCancel(Unknown Source)
at java.util.stream.AbstractPipeline.copyIntoWithCancel(Unknown Source)
at java.util.stream.AbstractPipeline.copyInto(Unknown Source)
at java.util.stream.AbstractPipeline.wrapAndCopyInto(Unknown Source)
at java.util.stream.FindOps$FindOp.evaluateSequential(Unknown Source)
at java.util.stream.AbstractPipeline.evaluate(Unknown Source)
at java.util.stream.ReferencePipeline.findFirst(Unknown Source)
at org.openqa.selenium.remote.ProtocolHandshake.createSession(ProtocolHandshake.java:128)
at org.openqa.selenium.remote.ProtocolHandshake.createSession(ProtocolHandshake.java:74)
at org.openqa.selenium.remote.HttpCommandExecutor.execute(HttpCommandExecutor.java:136)
at org.openqa.selenium.remote.service.DriverCommandExecutor.execute(DriverCommandExecutor.java:83)
at org.openqa.selenium.remote.RemoteWebDriver.execute(RemoteWebDriver.java:552)
at org.openqa.selenium.remote.RemoteWebDriver.startSession(RemoteWebDriver.java:213)
at org.openqa.selenium.remote.RemoteWebDriver.<init>(RemoteWebDriver.java:131)
at org.openqa.selenium.chrome.ChromeDriver.<init>(ChromeDriver.java:181)
at org.openqa.selenium.chrome.ChromeDriver.<init>(ChromeDriver.java:168)
at org.openqa.selenium.chrome.ChromeDriver.<init>(ChromeDriver.java:123)
at Resources.Base.initialization(Base.java:30)
at HomePgaeTest.SuggestionBox.setup(SuggestionBox.java:27)
at sun.reflect.NativeMethodAccessorImpl.invoke0(Native Method)
at sun.reflect.NativeMethodAccessorImpl.invoke(Unknown Source)
at sun.reflect.DelegatingMethodAccessorImpl.invoke(Unknown Source)
at java.lang.reflect.Method.invoke(Unknown Source)
at org.testng.internal.MethodInvocationHelper.invokeMethod(MethodInvocationHelper.java:124)
at org.testng.internal.MethodInvocationHelper.invokeMethodConsideringTimeout(MethodInvocationHelper.java:59)
at org.testng.internal.Invoker.invokeConfigurationMethod(Invoker.java:458)
at org.testng.internal.Invoker.invokeConfigurations(Invoker.java:222)
at org.testng.internal.Invoker.invokeConfigurations(Invoker.java:142)
at org.testng.TestRunner.beforeRun(TestRunner.java:529)
at org.testng.TestRunner.run(TestRunner.java:497)
at org.testng.SuiteRunner.runTest(SuiteRunner.java:455)
at org.testng.SuiteRunner.runSequentially(SuiteRunner.java:450)
at org.testng.SuiteRunner.privateRun(SuiteRunner.java:415)
at org.testng.SuiteRunner.run(SuiteRunner.java:364)
at org.testng.SuiteRunnerWorker.runSuite(SuiteRunnerWorker.java:52)
at org.testng.SuiteRunnerWorker.run(SuiteRunnerWorker.java:84)
at org.testng.TestNG.runSuitesSequentially(TestNG.java:1208)
at org.testng.TestNG.runSuitesLocally(TestNG.java:1137)
at org.testng.TestNG.runSuites(TestNG.java:1049)
at org.testng.TestNG.run(TestNG.java:1017)
at org.testng.remote.AbstractRemoteTestNG.run(AbstractRemoteTestNG.java:114)
at org.testng.remote.RemoteTestNG.initAndRun(RemoteTestNG.java:251)
at org.testng.remote.RemoteTestNG.main(RemoteTestNG.java:77)
]]>
    </error>
  </testcase> <!-- setup -->
</testsuite> <!-- HomePgaeTest.SuggestionBox -->
